<?xml version="1.0" encoding="UTF-8"?>
<!-- Generated by org.testng.reporters.JUnitReportReporter -->
<testsuite skipped="0" hostname="DESKTOP-B16COSM" name="com.qa.hubspot.test.ContactsPageTest" tests="4" failures="0" timestamp="24 Sep 2020 13:55:54 GMT" time="86.199" errors="0">
  <testcase name="contactsPageTitleTest" time="0.149" classname="com.qa.hubspot.test.ContactsPageTest"/>
  <testcase name="verifyCreateNewContacts" time="28.949" classname="com.qa.hubspot.test.ContactsPageTest"/>
  <testcase name="verifyCreateNewContacts" time="25.035" classname="com.qa.hubspot.test.ContactsPageTest"/>
  <testcase name="verifyCreateNewContacts" time="32.066" classname="com.qa.hubspot.test.ContactsPageTest"/>
</testsuite> <!-- com.qa.hubspot.test.ContactsPageTest -->
