<?xml version="1.0" encoding="UTF-8"?>
<!-- Generated by org.testng.reporters.JUnitReportReporter -->
<testsuite skipped="0" hostname="DESKTOP-B16COSM" name="com.qa.hubspot.test.HomePageTest" tests="2" failures="0" timestamp="24 Sep 2020 13:55:54 GMT" time="3.845" errors="0">
  <testcase name="homePageTitleTest" time="0.029" classname="com.qa.hubspot.test.HomePageTest"/>
  <testcase name="homePageHeaderTest" time="3.816" classname="com.qa.hubspot.test.HomePageTest"/>
</testsuite> <!-- com.qa.hubspot.test.HomePageTest -->
